2023-06-20 12:57:49 - INFO - >>> Initializing Sumarization Bot
2023-06-20 12:57:51 - INFO - No new posts to process in /r/portugal.
2023-06-20 12:57:52 - INFO - No new posts to process in /r/portugueses.
2023-06-20 12:57:53 - INFO - No new posts to process in /r/lisboa.
2023-06-20 12:57:53 - INFO - >> Start summarizer for post with id: 135j112
2023-06-20 12:57:53 - INFO - Getting article text from URL
2023-06-20 12:57:55 - INFO - Generating summary...
2023-06-20 12:57:55 - INFO - Load pretrained SentenceTransformer: distilbert-base-nli-stsb-mean-tokens
2023-06-20 12:57:57 - INFO - Use pytorch device: cpu
2023-06-20 12:57:58 - INFO - Extracting keywords...
2023-06-20 12:57:59 - INFO - >> Submitted reply to post with id: 135j112
2023-06-20 12:57:59 - INFO - >> Start summarizer for post with id: 1353h7x
2023-06-20 12:57:59 - INFO - Getting article text from URL
2023-06-20 12:58:00 - INFO - Generating summary...
2023-06-20 12:58:00 - INFO - Load pretrained SentenceTransformer: distilbert-base-nli-stsb-mean-tokens
2023-06-20 12:58:00 - INFO - Use pytorch device: cpu
2023-06-20 12:58:00 - INFO - Extracting keywords...
2023-06-20 12:58:01 - INFO - >> Submitted reply to post with id: 1353h7x
2023-06-20 13:03:47 - INFO - >>> Initializing Sumarization Bot
2023-06-20 13:03:49 - INFO - No new posts to process in /r/portugal.
2023-06-20 13:03:50 - INFO - No new posts to process in /r/portugueses.
2023-06-20 13:03:50 - INFO - No new posts to process in /r/lisboa.
2023-06-20 13:03:51 - INFO - No new posts to process in /r/portugalnews.
2023-06-20 14:10:05 - INFO - >>> Initializing Sumarization Bot
2023-06-20 14:10:08 - INFO - >> Start summarizer for post with id: 14e9rw5
2023-06-20 14:10:08 - INFO - Getting article text from URL
2023-06-20 14:10:09 - INFO - Generating summary...
2023-06-20 14:10:09 - INFO - Load pretrained SentenceTransformer: distilbert-base-nli-stsb-mean-tokens
2023-06-20 14:10:14 - INFO - Use pytorch device: cpu
2023-06-20 14:10:15 - INFO - Extracting keywords...
2023-06-20 14:10:15 - INFO - >> Submitted reply to post with id: 14e9rw5
2023-06-20 16:12:51 - INFO - >>> Initializing Sumarization Bot
2023-06-20 16:12:53 - INFO - >> Start summarizer for post with id: 14ecaxt
2023-06-20 16:12:53 - INFO - Getting article text from URL
2023-06-20 16:12:55 - INFO - Generating summary...
2023-06-20 16:12:55 - INFO - Load pretrained SentenceTransformer: distilbert-base-nli-stsb-mean-tokens
2023-06-20 16:13:01 - INFO - Use pytorch device: cpu
2023-06-20 16:13:02 - INFO - Extracting keywords...
2023-06-20 16:13:02 - INFO - >> Submitted reply to post with id: 14ecaxt
2023-06-20 18:11:50 - INFO - >>> Initializing Sumarization Bot
2023-06-20 18:11:52 - INFO - No new posts to process in /r/portugal.
2023-06-20 18:11:53 - INFO - No new posts to process in /r/portugueses.
2023-06-20 18:11:53 - INFO - No new posts to process in /r/lisboa.
2023-06-20 18:11:54 - INFO - No new posts to process in /r/portugalnews.
2023-06-20 20:11:24 - INFO - >>> Initializing Sumarization Bot
2023-06-20 20:11:26 - INFO - No new posts to process in /r/portugal.
2023-06-20 20:11:26 - INFO - No new posts to process in /r/portugueses.
2023-06-20 20:11:28 - INFO - No new posts to process in /r/lisboa.
2023-06-20 20:11:28 - INFO - No new posts to process in /r/portugalnews.
